app/build/outputs/logs/manifest-merger-debug-report.txt
-- Merging decision tree log ---
manifest
ADDED from AndroidManifest.xml:2:1
	xmlns:android
		ADDED from AndroidManifest.xml:2:11
	package
		ADDED from AndroidManifest.xml:3:2
		INJECTED from AndroidManifest.xml:0:0
		INJECTED from AndroidManifest.xml:0:0
	android:versionName
		ADDED from AndroidManifest.xml:5:2
	android:versionCode
		ADDED from AndroidManifest.xml:4:2
		INJECTED from AndroidManifest.xml:0:0
		INJECTED from AndroidManifest.xml:0:0
uses-sdk
ADDED from AndroidManifest.xml:7:5
	android:targetSdkVersion
		ADDED from AndroidManifest.xml:9:9
		INJECTED from AndroidManifest.xml:0:0
		INJECTED from AndroidManifest.xml:0:0
	android:minSdkVersion
		ADDED from AndroidManifest.xml:8:9
		INJECTED from AndroidManifest.xml:0:0
		INJECTED from AndroidManifest.xml:0:0
application
ADDED from AndroidManifest.xml:12:2
	android:label
		ADDED from AndroidManifest.xml:12:15
	android:allowBackup
		ADDED from AndroidManifest.xml:12:78
	android:icon
		ADDED from AndroidManifest.xml:12:48
service#com.captainblagbird.xpen.Xpen
ADDED from AndroidManifest.xml:13:3
	android:permission
		ADDED from AndroidManifest.xml:14:4
	android:name
		ADDED from AndroidManifest.xml:13:12
intent-filter#android.view.InputMethod
ADDED from AndroidManifest.xml:15:4
action#android.view.InputMethod
ADDED from AndroidManifest.xml:16:4
	android:name
		ADDED from AndroidManifest.xml:16:12
meta-data#android.view.im
ADDED from AndroidManifest.xml:18:4
	android:resource
		ADDED from AndroidManifest.xml:18:46
	android:name
		ADDED from AndroidManifest.xml:18:15